<?xml version="1.0" encoding="UTF-8"?>
<!-- Generated by org.testng.reporters.JUnitReportReporter -->
<testsuite hostname="Sneha" failures="0" tests="2" name="tests.LoginTest" time="62.047" errors="0" timestamp="2021-02-04T18:51:22 IST" skipped="0">
  <testcase classname="tests.LoginTest" name="login" time="43.357"/>
  <system-out/>
  <testcase classname="tests.LoginTest" name="login" time="18.690"/>
  <system-out/>
</testsuite> <!-- tests.LoginTest -->
