<?xml version="1.0" encoding="UTF-8"?>
<!-- Generated by org.testng.reporters.JUnitReportReporter -->
<testsuite hostname="Sneha" failures="0" tests="1" name="runner.Runner" time="23.784" errors="0" timestamp="2021-02-04T19:56:57 IST" skipped="0">
  <testcase classname="runner.Runner" name="runScenario" time="23.784"/>
  <system-out/>
</testsuite> <!-- runner.Runner -->
