<?xml version="1.0" encoding="UTF-8"?>
<!-- Generated by org.testng.reporters.JUnitReportReporter -->
<testsuite hostname="Sneha" failures="0" tests="1" name="tests.ThreeTest" time="34.017" errors="0" timestamp="2021-02-04T18:51:22 IST" skipped="0">
  <testcase classname="tests.ThreeTest" name="testThree" time="34.017"/>
  <system-out/>
</testsuite> <!-- tests.ThreeTest -->
