<?xml version="1.0" encoding="UTF-8"?>
<!-- Generated by org.testng.reporters.JUnitReportReporter -->
<testsuite hostname="Sneha" failures="0" tests="2" name="tests.LoginTest" time="48.389" errors="0" timestamp="2021-02-03T16:38:53 IST" skipped="0">
  <testcase classname="tests.LoginTest" name="login" time="17.914"/>
  <system-out/>
  <testcase classname="tests.LoginTest" name="login" time="30.475"/>
  <system-out/>
</testsuite> <!-- tests.LoginTest -->
