<?xml version="1.0" encoding="UTF-8"?>
<!-- Generated by org.testng.reporters.JUnitReportReporter -->
<testsuite hostname="Sneha" failures="0" tests="1" name="tests.FourTest" time="0.006" errors="0" timestamp="2021-02-03T16:38:53 IST" skipped="0">
  <testcase classname="tests.FourTest" name="testFour" time="0.006"/>
  <system-out/>
</testsuite> <!-- tests.FourTest -->
